# JRE version: Java(TM) SE Runtime Environment (8.0_152-b16) (build 1.8.0_152-b16)
# Java VM: Java HotSpot(TM) 64-Bit Server VM (25.152-b16 mixed mode windows-amd64 compressed oops)
Heap:
 PSYoungGen      total 73728K, used 60673K [0x000000076e000000, 0x0000000773200000, 0x00000007c0000000)
  eden space 63488K, 82% used [0x000000076e000000,0x000000077136bbf0,0x0000000771e00000)
  from space 10240K, 78% used [0x0000000772800000,0x0000000772fd4b80,0x0000000773200000)
  to   space 10240K, 0% used [0x0000000771e00000,0x0000000771e00000,0x0000000772800000)
 ParOldGen       total 115712K, used 2298K [0x00000006ca000000, 0x00000006d1100000, 0x000000076e000000)
  object space 115712K, 1% used [0x00000006ca000000,0x00000006ca23e9e8,0x00000006d1100000)
 Metaspace       used 18260K, capacity 18814K, committed 19200K, reserved 1077248K
  class space    used 2299K, capacity 2451K, committed 2560K, reserved 1048576K
GC Heap History (6 events):
Event: 0.257 GC heap before
{Heap before GC invocations=1 (full 0):
 PSYoungGen      total 73728K, used 16532K [0x000000076e000000, 0x0000000773200000, 0x00000007c0000000)
  eden space 63488K, 26% used [0x000000076e000000,0x000000076f025160,0x0000000771e00000)
  from space 10240K, 0% used [0x0000000772800000,0x0000000772800000,0x0000000773200000)
  to   space 10240K, 0% used [0x0000000771e00000,0x0000000771e00000,0x0000000772800000)
 ParOldGen       total 167936K, used 0K [0x00000006ca000000, 0x00000006d4400000, 0x000000076e000000)
  object space 167936K, 0% used [0x00000006ca000000,0x00000006ca000000,0x00000006d4400000)
 Metaspace       used 5838K, capacity 6038K, committed 6144K, reserved 1067008K
  class space    used 619K, capacity 698K, committed 768K, reserved 1048576K
Event: 0.260 GC heap after
Heap after GC invocations=1 (full 0):
 PSYoungGen      total 73728K, used 2682K [0x000000076e000000, 0x0000000773200000, 0x00000007c0000000)
  eden space 63488K, 0% used [0x000000076e000000,0x000000076e000000,0x0000000771e00000)
  from space 10240K, 26% used [0x0000000771e00000,0x000000077209e850,0x0000000772800000)
  to   space 10240K, 0% used [0x0000000772800000,0x0000000772800000,0x0000000773200000)
 ParOldGen       total 167936K, used 8K [0x00000006ca000000, 0x00000006d4400000, 0x000000076e000000)
  object space 167936K, 0% used [0x00000006ca000000,0x00000006ca002000,0x00000006d4400000)
 Metaspace       used 5838K, capacity 6038K, committed 6144K, reserved 1067008K
  class space    used 619K, capacity 698K, committed 768K, reserved 1048576K
}
Event: 0.260 GC heap before
{Heap before GC invocations=2 (full 1):
 PSYoungGen      total 73728K, used 2682K [0x000000076e000000, 0x0000000773200000, 0x00000007c0000000)
  eden space 63488K, 0% used [0x000000076e000000,0x000000076e000000,0x0000000771e00000)
  from space 10240K, 26% used [0x0000000771e00000,0x000000077209e850,0x0000000772800000)
  to   space 10240K, 0% used [0x0000000772800000,0x0000000772800000,0x0000000773200000)
 ParOldGen       total 167936K, used 8K [0x00000006ca000000, 0x00000006d4400000, 0x000000076e000000)
  object space 167936K, 0% used [0x00000006ca000000,0x00000006ca002000,0x00000006d4400000)
 Metaspace       used 5838K, capacity 6038K, committed 6144K, reserved 1067008K
  class space    used 619K, capacity 698K, committed 768K, reserved 1048576K
Event: 0.268 GC heap after
Heap after GC invocations=2 (full 1):
 PSYoungGen      total 73728K, used 0K [0x000000076e000000, 0x0000000773200000, 0x00000007c0000000)
  eden space 63488K, 0% used [0x000000076e000000,0x000000076e000000,0x0000000771e00000)
  from space 10240K, 0% used [0x0000000771e00000,0x0000000771e00000,0x0000000772800000)
  to   space 10240K, 0% used [0x0000000772800000,0x0000000772800000,0x0000000773200000)
 ParOldGen       total 115712K, used 2290K [0x00000006ca000000, 0x00000006d1100000, 0x000000076e000000)
  object space 115712K, 1% used [0x00000006ca000000,0x00000006ca23c9e8,0x00000006d1100000)
 Metaspace       used 5838K, capacity 6038K, committed 6144K, reserved 1064960K
  class space    used 619K, capacity 698K, committed 768K, reserved 1048576K
}
Event: 0.832 GC heap before
{Heap before GC invocations=3 (full 1):
 PSYoungGen      total 73728K, used 63488K [0x000000076e000000, 0x0000000773200000, 0x00000007c0000000)
  eden space 63488K, 100% used [0x000000076e000000,0x0000000771e00000,0x0000000771e00000)
  from space 10240K, 0% used [0x0000000771e00000,0x0000000771e00000,0x0000000772800000)
  to   space 10240K, 0% used [0x0000000772800000,0x0000000772800000,0x0000000773200000)
 ParOldGen       total 115712K, used 2290K [0x00000006ca000000, 0x00000006d1100000, 0x000000076e000000)
  object space 115712K, 1% used [0x00000006ca000000,0x00000006ca23c9e8,0x00000006d1100000)
 Metaspace       used 12416K, capacity 12788K, committed 12928K, reserved 1069056K
  class space    used 1509K, capacity 1631K, committed 1664K, reserved 1048576K
Event: 0.838 GC heap after
Heap after GC invocations=3 (full 1):
 PSYoungGen      total 73728K, used 8018K [0x000000076e000000, 0x0000000773200000, 0x00000007c0000000)
  eden space 63488K, 0% used [0x000000076e000000,0x000000076e000000,0x0000000771e00000)
  from space 10240K, 78% used [0x0000000772800000,0x0000000772fd4b80,0x0000000773200000)
  to   space 10240K, 0% used [0x0000000771e00000,0x0000000771e00000,0x0000000772800000)
 ParOldGen       total 115712K, used 2298K [0x00000006ca000000, 0x00000006d1100000, 0x000000076e000000)
  object space 115712K, 1% used [0x00000006ca000000,0x00000006ca23e9e8,0x00000006d1100000)
 Metaspace       used 12416K, capacity 12788K, committed 12928K, reserved 1069056K
  class space    used 1509K, capacity 1631K, committed 1664K, reserved 1048576K
}

